<?xml version="1.0" encoding="UTF-8"?>
<!-- Generated by org.testng.reporters.JUnitReportReporter -->
<testsuite hostname="WKWZT23yTYHCDZD" failures="0" tests="1" name="com.example.JavaSelenium.App" time="11.340" errors="0" timestamp="2023-06-23T01:29:53 IST" skipped="0">
  <testcase classname="com.example.JavaSelenium.App" name="Test" time="11.340"/>
  <system-out/>
</testsuite> <!-- com.example.JavaSelenium.App -->
